Arguments: 
  /Users/aksel/.nvm/versions/node/v12.18.4/bin/node /usr/local/Cellar/yarn/1.17.3/libexec/bin/yarn.js init wasm-app www

PATH: 
  /Users/aksel/.nvm/versions/node/v12.18.4/bin:/Users/aksel/.cargo/bin:/Library/Frameworks/Python.framework/Versions/3.7/bin:/usr/local/bin:/usr/bin:/bin:/usr/sbin:/sbin:/Applications/Visual Studio Code.app/Contents/Resources/app/bin/:/Users/aksel/Library/Python/2.7/bin/

Yarn version: 
  1.17.3

Node version: 
  12.18.4

Platform: 
  darwin x64

Trace: 
  Error: canceled
      at Interface.<anonymous> (/usr/local/Cellar/yarn/1.17.3/libexec/lib/cli.js:136724:13)
      at Interface.emit (events.js:315:20)
      at Interface._ttyWrite (readline.js:868:16)
      at ReadStream.onkeypress (readline.js:205:10)
      at ReadStream.emit (events.js:315:20)
      at emitKeys (internal/readline/utils.js:335:14)
      at emitKeys.next (<anonymous>)
      at ReadStream.onData (readline.js:1137:36)
      at ReadStream.emit (events.js:315:20)
      at addChunk (_stream_readable.js:295:12)

npm manifest: 
  No manifest

yarn manifest: 
  No manifest

Lockfile: 
  No lockfile
